<?xml version="1.0" encoding="UTF-8"?>
<testsuites>
  <testsuite name="hello" timestamp="2024-07-08T09:45:56Z" hostname="572e9ed55935" tests="3" skipped="0" failures="0" errors="0" time="0.233">
    <testcase time="0.013" classname="hello" name="hello_works"/>
    <testcase time="0.207" classname="hello" name="hello_cli_works"/>
    <testcase time="0.013" classname="hello" name="fix_me_"/>
  </testsuite>
</testsuites>
